18:10:36 INFO  : Registering command handlers for SDK TCF services
18:10:37 INFO  : Launching XSCT server: xsct -n -interactive /home/user/Desktop/MIOReader-master/mio_xadc/mio_xadc.sdk/temp_xsdb_launch_script.tcl
18:10:38 INFO  : XSCT server has started successfully.
18:10:38 INFO  : Successfully done setting XSCT server connection channel  
18:10:38 INFO  : Successfully done setting SDK workspace  
18:10:38 INFO  : Processing command line option -hwspec /home/user/Desktop/MIOReader-master/mio_xadc/mio_xadc.sdk/design_1_wrapper.hdf.
18:12:09 INFO  : Example project numato_reader_bsp_xgpio_example_1 has been created successfully.
18:19:41 INFO  : Connected to target on host '127.0.0.1' and port '3121'.
18:20:06 INFO  : Connected to target on host '127.0.0.1' and port '3121'.
18:20:06 INFO  : 'targets -set -filter {jtag_cable_name =~ "Digilent Zybo 210279A42D6AA" && level==0} -index 1' command is executed.
18:20:07 INFO  : FPGA configured successfully with bitstream "/home/user/Desktop/MIOReader-master/mio_xadc/mio_xadc.sdk/design_1_wrapper_hw_platform_0/design_1_wrapper.bit"
18:20:13 INFO  : 'targets -set -filter {jtag_cable_name =~ "Digilent Zybo 210279A42D6AA" && level==0} -index 1' command is executed.
18:20:13 INFO  : 'fpga -state' command is executed.
18:20:13 INFO  : Connected to target on host '127.0.0.1' and port '3121'.
18:20:14 INFO  : Jtag cable 'Digilent Zybo 210279A42D6AA' is selected.
18:20:14 INFO  : 'jtag frequency' command is executed.
18:20:14 INFO  : Sourcing of '/home/user/Desktop/MIOReader-master/mio_xadc/mio_xadc.sdk/design_1_wrapper_hw_platform_0/ps7_init.tcl' is done.
18:20:14 INFO  : Context for 'APU' is selected.
18:20:14 INFO  : Hardware design information is loaded from '/home/user/Desktop/MIOReader-master/mio_xadc/mio_xadc.sdk/design_1_wrapper_hw_platform_0/system.hdf'.
18:20:14 INFO  : 'configparams force-mem-access 1' command is executed.
18:20:14 INFO  : Context for 'APU' is selected.
18:20:14 INFO  : 'stop' command is executed.
18:20:14 INFO  : 'ps7_init' command is executed.
18:20:14 INFO  : 'ps7_post_config' command is executed.
18:20:14 INFO  : Context for processor 'ps7_cortexa9_0' is selected.
18:20:14 INFO  : Processor reset is completed for 'ps7_cortexa9_0'.
18:20:14 INFO  : Context for processor 'ps7_cortexa9_0' is selected.
18:20:14 INFO  : The application '/home/user/Desktop/MIOReader-master/mio_xadc/mio_xadc.sdk/numato_reader/Debug/numato_reader.elf' is downloaded to processor 'ps7_cortexa9_0'.
18:20:14 INFO  : 'configparams force-mem-access 0' command is executed.
18:20:14 INFO  : ----------------XSDB Script----------------
connect -url tcp:127.0.0.1:3121
source /home/user/Desktop/MIOReader-master/mio_xadc/mio_xadc.sdk/design_1_wrapper_hw_platform_0/ps7_init.tcl
targets -set -nocase -filter {name =~"APU*" && jtag_cable_name =~ "Digilent Zybo 210279A42D6AA"} -index 0
loadhw -hw /home/user/Desktop/MIOReader-master/mio_xadc/mio_xadc.sdk/design_1_wrapper_hw_platform_0/system.hdf -mem-ranges [list {0x40000000 0xbfffffff}]
configparams force-mem-access 1
targets -set -nocase -filter {name =~"APU*" && jtag_cable_name =~ "Digilent Zybo 210279A42D6AA"} -index 0
stop
ps7_init
ps7_post_config
targets -set -nocase -filter {name =~ "ARM*#0" && jtag_cable_name =~ "Digilent Zybo 210279A42D6AA"} -index 0
rst -processor
targets -set -nocase -filter {name =~ "ARM*#0" && jtag_cable_name =~ "Digilent Zybo 210279A42D6AA"} -index 0
dow /home/user/Desktop/MIOReader-master/mio_xadc/mio_xadc.sdk/numato_reader/Debug/numato_reader.elf
configparams force-mem-access 0
----------------End of Script----------------

18:20:14 INFO  : Context for processor 'ps7_cortexa9_0' is selected.
18:20:14 INFO  : 'con' command is executed.
18:20:14 INFO  : ----------------XSDB Script (After Launch)----------------
targets -set -nocase -filter {name =~ "ARM*#0" && jtag_cable_name =~ "Digilent Zybo 210279A42D6AA"} -index 0
con
----------------End of Script----------------

18:20:14 INFO  : Disconnected from the channel tcfchan#1.
18:23:12 INFO  : 'targets -set -filter {jtag_cable_name =~ "Digilent Zybo 210279A42D6AA" && level==0} -index 1' command is executed.
18:23:12 INFO  : 'fpga -state' command is executed.
18:23:27 INFO  : Connected to target on host '127.0.0.1' and port '3121'.
18:23:27 INFO  : 'targets -set -filter {jtag_cable_name =~ "Digilent Zybo 210279A42D6AA" && level==0} -index 1' command is executed.
18:23:31 INFO  : FPGA configured successfully with bitstream "/home/user/Desktop/MIOReader-master/mio_xadc/mio_xadc.sdk/design_1_wrapper_hw_platform_0/design_1_wrapper.bit"
18:23:39 INFO  : 'targets -set -filter {jtag_cable_name =~ "Digilent Zybo 210279A42D6AA" && level==0} -index 1' command is executed.
18:23:39 INFO  : 'fpga -state' command is executed.
18:23:39 INFO  : Connected to target on host '127.0.0.1' and port '3121'.
18:23:39 INFO  : Jtag cable 'Digilent Zybo 210279A42D6AA' is selected.
18:23:39 INFO  : 'jtag frequency' command is executed.
18:23:39 INFO  : Sourcing of '/home/user/Desktop/MIOReader-master/mio_xadc/mio_xadc.sdk/design_1_wrapper_hw_platform_0/ps7_init.tcl' is done.
18:23:39 INFO  : Context for 'APU' is selected.
18:23:39 INFO  : Hardware design information is loaded from '/home/user/Desktop/MIOReader-master/mio_xadc/mio_xadc.sdk/design_1_wrapper_hw_platform_0/system.hdf'.
18:23:39 INFO  : 'configparams force-mem-access 1' command is executed.
18:23:39 INFO  : Context for 'APU' is selected.
18:23:39 INFO  : 'stop' command is executed.
18:23:40 INFO  : 'ps7_init' command is executed.
18:23:40 INFO  : 'ps7_post_config' command is executed.
18:23:40 INFO  : Context for processor 'ps7_cortexa9_0' is selected.
18:23:40 INFO  : Processor reset is completed for 'ps7_cortexa9_0'.
18:23:40 INFO  : Context for processor 'ps7_cortexa9_0' is selected.
18:23:40 INFO  : The application '/home/user/Desktop/MIOReader-master/mio_xadc/mio_xadc.sdk/numato_reader/Debug/numato_reader.elf' is downloaded to processor 'ps7_cortexa9_0'.
18:23:40 INFO  : 'configparams force-mem-access 0' command is executed.
18:23:40 INFO  : ----------------XSDB Script----------------
connect -url tcp:127.0.0.1:3121
source /home/user/Desktop/MIOReader-master/mio_xadc/mio_xadc.sdk/design_1_wrapper_hw_platform_0/ps7_init.tcl
targets -set -nocase -filter {name =~"APU*" && jtag_cable_name =~ "Digilent Zybo 210279A42D6AA"} -index 0
loadhw -hw /home/user/Desktop/MIOReader-master/mio_xadc/mio_xadc.sdk/design_1_wrapper_hw_platform_0/system.hdf -mem-ranges [list {0x40000000 0xbfffffff}]
configparams force-mem-access 1
targets -set -nocase -filter {name =~"APU*" && jtag_cable_name =~ "Digilent Zybo 210279A42D6AA"} -index 0
stop
ps7_init
ps7_post_config
targets -set -nocase -filter {name =~ "ARM*#0" && jtag_cable_name =~ "Digilent Zybo 210279A42D6AA"} -index 0
rst -processor
targets -set -nocase -filter {name =~ "ARM*#0" && jtag_cable_name =~ "Digilent Zybo 210279A42D6AA"} -index 0
dow /home/user/Desktop/MIOReader-master/mio_xadc/mio_xadc.sdk/numato_reader/Debug/numato_reader.elf
configparams force-mem-access 0
----------------End of Script----------------

18:23:40 INFO  : Context for processor 'ps7_cortexa9_0' is selected.
18:23:40 INFO  : 'con' command is executed.
18:23:40 INFO  : ----------------XSDB Script (After Launch)----------------
targets -set -nocase -filter {name =~ "ARM*#0" && jtag_cable_name =~ "Digilent Zybo 210279A42D6AA"} -index 0
con
----------------End of Script----------------

18:23:40 INFO  : Disconnected from the channel tcfchan#2.
