02:24:26 INFO  : Registering command handlers for SDK TCF services
02:24:27 INFO  : Launching XSCT server: xsct.bat -interactive C:\Users\alexa\mio_project_bf\mio_project_bf.sdk\temp_xsdb_launch_script.tcl
02:24:29 INFO  : XSCT server has started successfully.
02:24:29 INFO  : Successfully done setting XSCT server connection channel  
02:24:29 INFO  : Successfully done setting SDK workspace  
02:24:29 INFO  : Processing command line option -hwspec C:/Users/alexa/mio_project_bf/mio_project_bf.sdk/design_1_wrapper.hdf.
02:26:52 INFO  : Example project mio_reader_bsp_xgpiops_polled_example_1 has been created successfully.
02:49:02 INFO  : Example project mio_reader_bsp_xgpio_example_1 has been created successfully.
03:27:29 INFO  : Connected to target on host '127.0.0.1' and port '3121'.
03:27:29 INFO  : 'targets -set -filter {jtag_cable_name =~ "Digilent Zybo 210279A78F78A" && level==0} -index 1' command is executed.
03:27:30 INFO  : FPGA configured successfully with bitstream "C:/Users/alexa/mio_project_bf/mio_project_bf.sdk/design_1_wrapper_hw_platform_0/design_1_wrapper.bit"
03:27:47 INFO  : 'targets -set -filter {jtag_cable_name =~ "Digilent Zybo 210279A78F78A" && level==0} -index 1' command is executed.
03:27:47 INFO  : 'fpga -state' command is executed.
03:27:47 INFO  : Connected to target on host '127.0.0.1' and port '3121'.
03:27:47 INFO  : Jtag cable 'Digilent Zybo 210279A78F78A' is selected.
03:27:47 INFO  : 'jtag frequency' command is executed.
03:27:47 INFO  : Sourcing of 'C:/Users/alexa/mio_project_bf/mio_project_bf.sdk/design_1_wrapper_hw_platform_0/ps7_init.tcl' is done.
03:27:47 INFO  : Context for 'APU' is selected.
03:27:47 INFO  : Hardware design information is loaded from 'C:/Users/alexa/mio_project_bf/mio_project_bf.sdk/design_1_wrapper_hw_platform_0/system.hdf'.
03:27:47 INFO  : 'configparams force-mem-access 1' command is executed.
03:27:47 INFO  : Context for 'APU' is selected.
03:27:47 INFO  : 'stop' command is executed.
03:27:48 INFO  : 'ps7_init' command is executed.
03:27:48 INFO  : 'ps7_post_config' command is executed.
03:27:48 INFO  : Context for processor 'ps7_cortexa9_0' is selected.
03:27:48 INFO  : Processor reset is completed for 'ps7_cortexa9_0'.
03:27:48 INFO  : Context for processor 'ps7_cortexa9_0' is selected.
03:27:48 INFO  : The application 'C:/Users/alexa/mio_project_bf/mio_project_bf.sdk/mio_reader/Debug/mio_reader.elf' is downloaded to processor 'ps7_cortexa9_0'.
03:27:48 INFO  : 'configparams force-mem-access 0' command is executed.
03:27:48 INFO  : ----------------XSDB Script----------------
connect -url tcp:127.0.0.1:3121
source C:/Users/alexa/mio_project_bf/mio_project_bf.sdk/design_1_wrapper_hw_platform_0/ps7_init.tcl
targets -set -nocase -filter {name =~"APU*" && jtag_cable_name =~ "Digilent Zybo 210279A78F78A"} -index 0
loadhw -hw C:/Users/alexa/mio_project_bf/mio_project_bf.sdk/design_1_wrapper_hw_platform_0/system.hdf -mem-ranges [list {0x40000000 0xbfffffff}]
configparams force-mem-access 1
targets -set -nocase -filter {name =~"APU*" && jtag_cable_name =~ "Digilent Zybo 210279A78F78A"} -index 0
stop
ps7_init
ps7_post_config
targets -set -nocase -filter {name =~ "ARM*#0" && jtag_cable_name =~ "Digilent Zybo 210279A78F78A"} -index 0
rst -processor
targets -set -nocase -filter {name =~ "ARM*#0" && jtag_cable_name =~ "Digilent Zybo 210279A78F78A"} -index 0
dow C:/Users/alexa/mio_project_bf/mio_project_bf.sdk/mio_reader/Debug/mio_reader.elf
configparams force-mem-access 0
----------------End of Script----------------

03:27:48 INFO  : Context for processor 'ps7_cortexa9_0' is selected.
03:27:48 INFO  : 'con' command is executed.
03:27:48 INFO  : ----------------XSDB Script (After Launch)----------------
targets -set -nocase -filter {name =~ "ARM*#0" && jtag_cable_name =~ "Digilent Zybo 210279A78F78A"} -index 0
con
----------------End of Script----------------

03:27:48 INFO  : Disconnected from the channel tcfchan#1.
03:29:15 INFO  : 'targets -set -filter {jtag_cable_name =~ "Digilent Zybo 210279A78F78A" && level==0} -index 1' command is executed.
03:29:15 INFO  : 'fpga -state' command is executed.
03:29:15 INFO  : Connected to target on host '127.0.0.1' and port '3121'.
03:29:15 INFO  : Jtag cable 'Digilent Zybo 210279A78F78A' is selected.
03:29:15 INFO  : 'jtag frequency' command is executed.
03:29:15 INFO  : Sourcing of 'C:/Users/alexa/mio_project_bf/mio_project_bf.sdk/design_1_wrapper_hw_platform_0/ps7_init.tcl' is done.
03:29:15 INFO  : Context for 'APU' is selected.
03:29:15 INFO  : Hardware design information is loaded from 'C:/Users/alexa/mio_project_bf/mio_project_bf.sdk/design_1_wrapper_hw_platform_0/system.hdf'.
03:29:15 INFO  : 'configparams force-mem-access 1' command is executed.
03:29:15 INFO  : Context for 'APU' is selected.
03:29:15 INFO  : 'stop' command is executed.
03:29:15 INFO  : 'ps7_init' command is executed.
03:29:15 INFO  : 'ps7_post_config' command is executed.
03:29:15 INFO  : Context for processor 'ps7_cortexa9_0' is selected.
03:29:15 INFO  : Processor reset is completed for 'ps7_cortexa9_0'.
03:29:15 INFO  : Context for processor 'ps7_cortexa9_0' is selected.
03:29:15 INFO  : The application 'C:/Users/alexa/mio_project_bf/mio_project_bf.sdk/mio_reader/Debug/mio_reader.elf' is downloaded to processor 'ps7_cortexa9_0'.
03:29:15 INFO  : 'configparams force-mem-access 0' command is executed.
03:29:15 INFO  : ----------------XSDB Script----------------
connect -url tcp:127.0.0.1:3121
source C:/Users/alexa/mio_project_bf/mio_project_bf.sdk/design_1_wrapper_hw_platform_0/ps7_init.tcl
targets -set -nocase -filter {name =~"APU*" && jtag_cable_name =~ "Digilent Zybo 210279A78F78A"} -index 0
loadhw -hw C:/Users/alexa/mio_project_bf/mio_project_bf.sdk/design_1_wrapper_hw_platform_0/system.hdf -mem-ranges [list {0x40000000 0xbfffffff}]
configparams force-mem-access 1
targets -set -nocase -filter {name =~"APU*" && jtag_cable_name =~ "Digilent Zybo 210279A78F78A"} -index 0
stop
ps7_init
ps7_post_config
targets -set -nocase -filter {name =~ "ARM*#0" && jtag_cable_name =~ "Digilent Zybo 210279A78F78A"} -index 0
rst -processor
targets -set -nocase -filter {name =~ "ARM*#0" && jtag_cable_name =~ "Digilent Zybo 210279A78F78A"} -index 0
dow C:/Users/alexa/mio_project_bf/mio_project_bf.sdk/mio_reader/Debug/mio_reader.elf
configparams force-mem-access 0
----------------End of Script----------------

03:29:15 INFO  : Context for processor 'ps7_cortexa9_0' is selected.
03:29:15 INFO  : 'con' command is executed.
03:29:15 INFO  : ----------------XSDB Script (After Launch)----------------
targets -set -nocase -filter {name =~ "ARM*#0" && jtag_cable_name =~ "Digilent Zybo 210279A78F78A"} -index 0
con
----------------End of Script----------------

03:29:15 INFO  : Disconnected from the channel tcfchan#2.
03:30:13 INFO  : 'targets -set -filter {jtag_cable_name =~ "Digilent Zybo 210279A78F78A" && level==0} -index 1' command is executed.
03:30:13 INFO  : 'fpga -state' command is executed.
03:30:13 INFO  : Connected to target on host '127.0.0.1' and port '3121'.
03:30:13 INFO  : Jtag cable 'Digilent Zybo 210279A78F78A' is selected.
03:30:13 INFO  : 'jtag frequency' command is executed.
03:30:13 INFO  : Sourcing of 'C:/Users/alexa/mio_project_bf/mio_project_bf.sdk/design_1_wrapper_hw_platform_0/ps7_init.tcl' is done.
03:30:13 INFO  : Context for 'APU' is selected.
03:30:13 INFO  : Hardware design information is loaded from 'C:/Users/alexa/mio_project_bf/mio_project_bf.sdk/design_1_wrapper_hw_platform_0/system.hdf'.
03:30:13 INFO  : 'configparams force-mem-access 1' command is executed.
03:30:13 INFO  : Context for 'APU' is selected.
03:30:13 INFO  : 'stop' command is executed.
03:30:13 INFO  : 'ps7_init' command is executed.
03:30:13 INFO  : 'ps7_post_config' command is executed.
03:30:13 INFO  : Context for processor 'ps7_cortexa9_0' is selected.
03:30:13 INFO  : Processor reset is completed for 'ps7_cortexa9_0'.
03:30:13 INFO  : Context for processor 'ps7_cortexa9_0' is selected.
03:30:14 INFO  : The application 'C:/Users/alexa/mio_project_bf/mio_project_bf.sdk/mio_reader/Debug/mio_reader.elf' is downloaded to processor 'ps7_cortexa9_0'.
03:30:14 INFO  : 'configparams force-mem-access 0' command is executed.
03:30:14 INFO  : ----------------XSDB Script----------------
connect -url tcp:127.0.0.1:3121
source C:/Users/alexa/mio_project_bf/mio_project_bf.sdk/design_1_wrapper_hw_platform_0/ps7_init.tcl
targets -set -nocase -filter {name =~"APU*" && jtag_cable_name =~ "Digilent Zybo 210279A78F78A"} -index 0
loadhw -hw C:/Users/alexa/mio_project_bf/mio_project_bf.sdk/design_1_wrapper_hw_platform_0/system.hdf -mem-ranges [list {0x40000000 0xbfffffff}]
configparams force-mem-access 1
targets -set -nocase -filter {name =~"APU*" && jtag_cable_name =~ "Digilent Zybo 210279A78F78A"} -index 0
stop
ps7_init
ps7_post_config
targets -set -nocase -filter {name =~ "ARM*#0" && jtag_cable_name =~ "Digilent Zybo 210279A78F78A"} -index 0
rst -processor
targets -set -nocase -filter {name =~ "ARM*#0" && jtag_cable_name =~ "Digilent Zybo 210279A78F78A"} -index 0
dow C:/Users/alexa/mio_project_bf/mio_project_bf.sdk/mio_reader/Debug/mio_reader.elf
configparams force-mem-access 0
----------------End of Script----------------

03:30:14 INFO  : Context for processor 'ps7_cortexa9_0' is selected.
03:30:14 INFO  : 'con' command is executed.
03:30:14 INFO  : ----------------XSDB Script (After Launch)----------------
targets -set -nocase -filter {name =~ "ARM*#0" && jtag_cable_name =~ "Digilent Zybo 210279A78F78A"} -index 0
con
----------------End of Script----------------

03:30:14 INFO  : Disconnected from the channel tcfchan#3.
03:30:40 INFO  : 'targets -set -filter {jtag_cable_name =~ "Digilent Zybo 210279A78F78A" && level==0} -index 1' command is executed.
03:30:40 INFO  : 'fpga -state' command is executed.
03:30:40 INFO  : Connected to target on host '127.0.0.1' and port '3121'.
03:30:40 INFO  : Jtag cable 'Digilent Zybo 210279A78F78A' is selected.
03:30:40 INFO  : 'jtag frequency' command is executed.
03:30:40 INFO  : Sourcing of 'C:/Users/alexa/mio_project_bf/mio_project_bf.sdk/design_1_wrapper_hw_platform_0/ps7_init.tcl' is done.
03:30:40 INFO  : Context for 'APU' is selected.
03:30:40 INFO  : Hardware design information is loaded from 'C:/Users/alexa/mio_project_bf/mio_project_bf.sdk/design_1_wrapper_hw_platform_0/system.hdf'.
03:30:40 INFO  : 'configparams force-mem-access 1' command is executed.
03:30:40 INFO  : Context for 'APU' is selected.
03:30:40 INFO  : 'stop' command is executed.
03:30:41 INFO  : 'ps7_init' command is executed.
03:30:41 INFO  : 'ps7_post_config' command is executed.
03:30:41 INFO  : Context for processor 'ps7_cortexa9_0' is selected.
03:30:41 INFO  : Processor reset is completed for 'ps7_cortexa9_0'.
03:30:41 INFO  : Context for processor 'ps7_cortexa9_0' is selected.
03:30:41 INFO  : The application 'C:/Users/alexa/mio_project_bf/mio_project_bf.sdk/mio_reader/Debug/mio_reader.elf' is downloaded to processor 'ps7_cortexa9_0'.
03:30:41 INFO  : 'configparams force-mem-access 0' command is executed.
03:30:41 INFO  : ----------------XSDB Script----------------
connect -url tcp:127.0.0.1:3121
source C:/Users/alexa/mio_project_bf/mio_project_bf.sdk/design_1_wrapper_hw_platform_0/ps7_init.tcl
targets -set -nocase -filter {name =~"APU*" && jtag_cable_name =~ "Digilent Zybo 210279A78F78A"} -index 0
loadhw -hw C:/Users/alexa/mio_project_bf/mio_project_bf.sdk/design_1_wrapper_hw_platform_0/system.hdf -mem-ranges [list {0x40000000 0xbfffffff}]
configparams force-mem-access 1
targets -set -nocase -filter {name =~"APU*" && jtag_cable_name =~ "Digilent Zybo 210279A78F78A"} -index 0
stop
ps7_init
ps7_post_config
targets -set -nocase -filter {name =~ "ARM*#0" && jtag_cable_name =~ "Digilent Zybo 210279A78F78A"} -index 0
rst -processor
targets -set -nocase -filter {name =~ "ARM*#0" && jtag_cable_name =~ "Digilent Zybo 210279A78F78A"} -index 0
dow C:/Users/alexa/mio_project_bf/mio_project_bf.sdk/mio_reader/Debug/mio_reader.elf
configparams force-mem-access 0
----------------End of Script----------------

03:30:41 INFO  : Context for processor 'ps7_cortexa9_0' is selected.
03:30:41 INFO  : 'con' command is executed.
03:30:41 INFO  : ----------------XSDB Script (After Launch)----------------
targets -set -nocase -filter {name =~ "ARM*#0" && jtag_cable_name =~ "Digilent Zybo 210279A78F78A"} -index 0
con
----------------End of Script----------------

03:30:41 INFO  : Disconnected from the channel tcfchan#4.
03:31:02 INFO  : 'targets -set -filter {jtag_cable_name =~ "Digilent Zybo 210279A78F78A" && level==0} -index 1' command is executed.
03:31:02 INFO  : 'fpga -state' command is executed.
03:31:02 INFO  : Connected to target on host '127.0.0.1' and port '3121'.
03:31:02 INFO  : Jtag cable 'Digilent Zybo 210279A78F78A' is selected.
03:31:02 INFO  : 'jtag frequency' command is executed.
03:31:02 INFO  : Sourcing of 'C:/Users/alexa/mio_project_bf/mio_project_bf.sdk/design_1_wrapper_hw_platform_0/ps7_init.tcl' is done.
03:31:02 INFO  : Context for 'APU' is selected.
03:31:02 INFO  : Hardware design information is loaded from 'C:/Users/alexa/mio_project_bf/mio_project_bf.sdk/design_1_wrapper_hw_platform_0/system.hdf'.
03:31:02 INFO  : 'configparams force-mem-access 1' command is executed.
03:31:02 INFO  : Context for 'APU' is selected.
03:31:02 INFO  : 'stop' command is executed.
03:31:03 INFO  : 'ps7_init' command is executed.
03:31:03 INFO  : 'ps7_post_config' command is executed.
03:31:03 INFO  : Context for processor 'ps7_cortexa9_0' is selected.
03:31:03 INFO  : Processor reset is completed for 'ps7_cortexa9_0'.
03:31:03 INFO  : Context for processor 'ps7_cortexa9_0' is selected.
03:31:03 INFO  : The application 'C:/Users/alexa/mio_project_bf/mio_project_bf.sdk/mio_reader/Debug/mio_reader.elf' is downloaded to processor 'ps7_cortexa9_0'.
03:31:03 INFO  : 'configparams force-mem-access 0' command is executed.
03:31:03 INFO  : ----------------XSDB Script----------------
connect -url tcp:127.0.0.1:3121
source C:/Users/alexa/mio_project_bf/mio_project_bf.sdk/design_1_wrapper_hw_platform_0/ps7_init.tcl
targets -set -nocase -filter {name =~"APU*" && jtag_cable_name =~ "Digilent Zybo 210279A78F78A"} -index 0
loadhw -hw C:/Users/alexa/mio_project_bf/mio_project_bf.sdk/design_1_wrapper_hw_platform_0/system.hdf -mem-ranges [list {0x40000000 0xbfffffff}]
configparams force-mem-access 1
targets -set -nocase -filter {name =~"APU*" && jtag_cable_name =~ "Digilent Zybo 210279A78F78A"} -index 0
stop
ps7_init
ps7_post_config
targets -set -nocase -filter {name =~ "ARM*#0" && jtag_cable_name =~ "Digilent Zybo 210279A78F78A"} -index 0
rst -processor
targets -set -nocase -filter {name =~ "ARM*#0" && jtag_cable_name =~ "Digilent Zybo 210279A78F78A"} -index 0
dow C:/Users/alexa/mio_project_bf/mio_project_bf.sdk/mio_reader/Debug/mio_reader.elf
configparams force-mem-access 0
----------------End of Script----------------

03:31:03 INFO  : Context for processor 'ps7_cortexa9_0' is selected.
03:31:03 INFO  : 'con' command is executed.
03:31:03 INFO  : ----------------XSDB Script (After Launch)----------------
targets -set -nocase -filter {name =~ "ARM*#0" && jtag_cable_name =~ "Digilent Zybo 210279A78F78A"} -index 0
con
----------------End of Script----------------

03:31:03 INFO  : Disconnected from the channel tcfchan#5.
03:34:55 INFO  : 'targets -set -filter {jtag_cable_name =~ "Digilent Zybo 210279A78F78A" && level==0} -index 1' command is executed.
03:34:55 INFO  : 'fpga -state' command is executed.
03:34:55 INFO  : Connected to target on host '127.0.0.1' and port '3121'.
03:34:55 INFO  : Jtag cable 'Digilent Zybo 210279A78F78A' is selected.
03:34:55 INFO  : 'jtag frequency' command is executed.
03:34:55 INFO  : Sourcing of 'C:/Users/alexa/mio_project_bf/mio_project_bf.sdk/design_1_wrapper_hw_platform_0/ps7_init.tcl' is done.
03:34:55 INFO  : Context for 'APU' is selected.
03:34:55 INFO  : Hardware design information is loaded from 'C:/Users/alexa/mio_project_bf/mio_project_bf.sdk/design_1_wrapper_hw_platform_0/system.hdf'.
03:34:55 INFO  : 'configparams force-mem-access 1' command is executed.
03:34:55 INFO  : Context for 'APU' is selected.
03:34:55 INFO  : 'stop' command is executed.
03:34:55 INFO  : 'ps7_init' command is executed.
03:34:55 INFO  : 'ps7_post_config' command is executed.
03:34:55 INFO  : Context for processor 'ps7_cortexa9_0' is selected.
03:34:55 INFO  : Processor reset is completed for 'ps7_cortexa9_0'.
03:34:55 INFO  : Context for processor 'ps7_cortexa9_0' is selected.
03:34:55 INFO  : The application 'C:/Users/alexa/mio_project_bf/mio_project_bf.sdk/mio_reader/Debug/mio_reader.elf' is downloaded to processor 'ps7_cortexa9_0'.
03:34:55 INFO  : 'configparams force-mem-access 0' command is executed.
03:34:55 INFO  : ----------------XSDB Script----------------
connect -url tcp:127.0.0.1:3121
source C:/Users/alexa/mio_project_bf/mio_project_bf.sdk/design_1_wrapper_hw_platform_0/ps7_init.tcl
targets -set -nocase -filter {name =~"APU*" && jtag_cable_name =~ "Digilent Zybo 210279A78F78A"} -index 0
loadhw -hw C:/Users/alexa/mio_project_bf/mio_project_bf.sdk/design_1_wrapper_hw_platform_0/system.hdf -mem-ranges [list {0x40000000 0xbfffffff}]
configparams force-mem-access 1
targets -set -nocase -filter {name =~"APU*" && jtag_cable_name =~ "Digilent Zybo 210279A78F78A"} -index 0
stop
ps7_init
ps7_post_config
targets -set -nocase -filter {name =~ "ARM*#0" && jtag_cable_name =~ "Digilent Zybo 210279A78F78A"} -index 0
rst -processor
targets -set -nocase -filter {name =~ "ARM*#0" && jtag_cable_name =~ "Digilent Zybo 210279A78F78A"} -index 0
dow C:/Users/alexa/mio_project_bf/mio_project_bf.sdk/mio_reader/Debug/mio_reader.elf
configparams force-mem-access 0
----------------End of Script----------------

03:34:55 INFO  : Context for processor 'ps7_cortexa9_0' is selected.
03:34:56 INFO  : 'con' command is executed.
03:34:56 INFO  : ----------------XSDB Script (After Launch)----------------
targets -set -nocase -filter {name =~ "ARM*#0" && jtag_cable_name =~ "Digilent Zybo 210279A78F78A"} -index 0
con
----------------End of Script----------------

03:34:56 INFO  : Disconnected from the channel tcfchan#6.
03:35:48 INFO  : 'targets -set -filter {jtag_cable_name =~ "Digilent Zybo 210279A78F78A" && level==0} -index 1' command is executed.
03:35:48 INFO  : 'fpga -state' command is executed.
03:35:48 INFO  : Connected to target on host '127.0.0.1' and port '3121'.
03:35:49 INFO  : Jtag cable 'Digilent Zybo 210279A78F78A' is selected.
03:35:49 INFO  : 'jtag frequency' command is executed.
03:35:49 INFO  : Sourcing of 'C:/Users/alexa/mio_project_bf/mio_project_bf.sdk/design_1_wrapper_hw_platform_0/ps7_init.tcl' is done.
03:35:49 INFO  : Context for 'APU' is selected.
03:35:49 INFO  : Hardware design information is loaded from 'C:/Users/alexa/mio_project_bf/mio_project_bf.sdk/design_1_wrapper_hw_platform_0/system.hdf'.
03:35:49 INFO  : 'configparams force-mem-access 1' command is executed.
03:35:49 INFO  : Context for 'APU' is selected.
03:35:49 INFO  : 'stop' command is executed.
03:35:49 INFO  : 'ps7_init' command is executed.
03:35:49 INFO  : 'ps7_post_config' command is executed.
03:35:49 INFO  : Context for processor 'ps7_cortexa9_0' is selected.
03:35:49 INFO  : Processor reset is completed for 'ps7_cortexa9_0'.
03:35:49 INFO  : Context for processor 'ps7_cortexa9_0' is selected.
03:35:49 INFO  : The application 'C:/Users/alexa/mio_project_bf/mio_project_bf.sdk/mio_reader/Debug/mio_reader.elf' is downloaded to processor 'ps7_cortexa9_0'.
03:35:49 INFO  : 'configparams force-mem-access 0' command is executed.
03:35:49 INFO  : ----------------XSDB Script----------------
connect -url tcp:127.0.0.1:3121
source C:/Users/alexa/mio_project_bf/mio_project_bf.sdk/design_1_wrapper_hw_platform_0/ps7_init.tcl
targets -set -nocase -filter {name =~"APU*" && jtag_cable_name =~ "Digilent Zybo 210279A78F78A"} -index 0
loadhw -hw C:/Users/alexa/mio_project_bf/mio_project_bf.sdk/design_1_wrapper_hw_platform_0/system.hdf -mem-ranges [list {0x40000000 0xbfffffff}]
configparams force-mem-access 1
targets -set -nocase -filter {name =~"APU*" && jtag_cable_name =~ "Digilent Zybo 210279A78F78A"} -index 0
stop
ps7_init
ps7_post_config
targets -set -nocase -filter {name =~ "ARM*#0" && jtag_cable_name =~ "Digilent Zybo 210279A78F78A"} -index 0
rst -processor
targets -set -nocase -filter {name =~ "ARM*#0" && jtag_cable_name =~ "Digilent Zybo 210279A78F78A"} -index 0
dow C:/Users/alexa/mio_project_bf/mio_project_bf.sdk/mio_reader/Debug/mio_reader.elf
configparams force-mem-access 0
----------------End of Script----------------

03:35:49 INFO  : Context for processor 'ps7_cortexa9_0' is selected.
03:35:49 INFO  : 'con' command is executed.
03:35:49 INFO  : ----------------XSDB Script (After Launch)----------------
targets -set -nocase -filter {name =~ "ARM*#0" && jtag_cable_name =~ "Digilent Zybo 210279A78F78A"} -index 0
con
----------------End of Script----------------

03:35:49 INFO  : Disconnected from the channel tcfchan#7.
03:36:05 INFO  : 'targets -set -filter {jtag_cable_name =~ "Digilent Zybo 210279A78F78A" && level==0} -index 1' command is executed.
03:36:05 INFO  : 'fpga -state' command is executed.
03:36:05 INFO  : Connected to target on host '127.0.0.1' and port '3121'.
03:36:05 INFO  : Jtag cable 'Digilent Zybo 210279A78F78A' is selected.
03:36:05 INFO  : 'jtag frequency' command is executed.
03:36:05 INFO  : Sourcing of 'C:/Users/alexa/mio_project_bf/mio_project_bf.sdk/design_1_wrapper_hw_platform_0/ps7_init.tcl' is done.
03:36:05 INFO  : Context for 'APU' is selected.
03:36:06 INFO  : Hardware design information is loaded from 'C:/Users/alexa/mio_project_bf/mio_project_bf.sdk/design_1_wrapper_hw_platform_0/system.hdf'.
03:36:06 INFO  : 'configparams force-mem-access 1' command is executed.
03:36:06 INFO  : Context for 'APU' is selected.
03:36:06 INFO  : 'stop' command is executed.
03:36:06 INFO  : 'ps7_init' command is executed.
03:36:06 INFO  : 'ps7_post_config' command is executed.
03:36:06 INFO  : Context for processor 'ps7_cortexa9_0' is selected.
03:36:06 INFO  : Processor reset is completed for 'ps7_cortexa9_0'.
03:36:06 INFO  : Context for processor 'ps7_cortexa9_0' is selected.
03:36:06 INFO  : The application 'C:/Users/alexa/mio_project_bf/mio_project_bf.sdk/mio_reader/Debug/mio_reader.elf' is downloaded to processor 'ps7_cortexa9_0'.
03:36:06 INFO  : 'configparams force-mem-access 0' command is executed.
03:36:06 INFO  : ----------------XSDB Script----------------
connect -url tcp:127.0.0.1:3121
source C:/Users/alexa/mio_project_bf/mio_project_bf.sdk/design_1_wrapper_hw_platform_0/ps7_init.tcl
targets -set -nocase -filter {name =~"APU*" && jtag_cable_name =~ "Digilent Zybo 210279A78F78A"} -index 0
loadhw -hw C:/Users/alexa/mio_project_bf/mio_project_bf.sdk/design_1_wrapper_hw_platform_0/system.hdf -mem-ranges [list {0x40000000 0xbfffffff}]
configparams force-mem-access 1
targets -set -nocase -filter {name =~"APU*" && jtag_cable_name =~ "Digilent Zybo 210279A78F78A"} -index 0
stop
ps7_init
ps7_post_config
targets -set -nocase -filter {name =~ "ARM*#0" && jtag_cable_name =~ "Digilent Zybo 210279A78F78A"} -index 0
rst -processor
targets -set -nocase -filter {name =~ "ARM*#0" && jtag_cable_name =~ "Digilent Zybo 210279A78F78A"} -index 0
dow C:/Users/alexa/mio_project_bf/mio_project_bf.sdk/mio_reader/Debug/mio_reader.elf
configparams force-mem-access 0
----------------End of Script----------------

03:36:06 INFO  : Context for processor 'ps7_cortexa9_0' is selected.
03:36:06 INFO  : 'con' command is executed.
03:36:06 INFO  : ----------------XSDB Script (After Launch)----------------
targets -set -nocase -filter {name =~ "ARM*#0" && jtag_cable_name =~ "Digilent Zybo 210279A78F78A"} -index 0
con
----------------End of Script----------------

03:36:06 INFO  : Disconnected from the channel tcfchan#8.
03:40:03 INFO  : 'targets -set -filter {jtag_cable_name =~ "Digilent Zybo 210279A78F78A" && level==0} -index 1' command is executed.
03:40:03 INFO  : 'fpga -state' command is executed.
03:40:03 INFO  : Connected to target on host '127.0.0.1' and port '3121'.
03:40:03 INFO  : Jtag cable 'Digilent Zybo 210279A78F78A' is selected.
03:40:03 INFO  : 'jtag frequency' command is executed.
03:40:03 INFO  : Sourcing of 'C:/Users/alexa/mio_project_bf/mio_project_bf.sdk/design_1_wrapper_hw_platform_0/ps7_init.tcl' is done.
03:40:03 INFO  : Context for 'APU' is selected.
03:40:03 INFO  : Hardware design information is loaded from 'C:/Users/alexa/mio_project_bf/mio_project_bf.sdk/design_1_wrapper_hw_platform_0/system.hdf'.
03:40:03 INFO  : 'configparams force-mem-access 1' command is executed.
03:40:03 INFO  : Context for 'APU' is selected.
03:40:03 INFO  : 'stop' command is executed.
03:40:04 INFO  : 'ps7_init' command is executed.
03:40:04 INFO  : 'ps7_post_config' command is executed.
03:40:04 INFO  : Context for processor 'ps7_cortexa9_0' is selected.
03:40:04 INFO  : Processor reset is completed for 'ps7_cortexa9_0'.
03:40:04 INFO  : Context for processor 'ps7_cortexa9_0' is selected.
03:40:04 INFO  : The application 'C:/Users/alexa/mio_project_bf/mio_project_bf.sdk/mio_reader/Debug/mio_reader.elf' is downloaded to processor 'ps7_cortexa9_0'.
03:40:04 INFO  : 'configparams force-mem-access 0' command is executed.
03:40:04 INFO  : ----------------XSDB Script----------------
connect -url tcp:127.0.0.1:3121
source C:/Users/alexa/mio_project_bf/mio_project_bf.sdk/design_1_wrapper_hw_platform_0/ps7_init.tcl
targets -set -nocase -filter {name =~"APU*" && jtag_cable_name =~ "Digilent Zybo 210279A78F78A"} -index 0
loadhw -hw C:/Users/alexa/mio_project_bf/mio_project_bf.sdk/design_1_wrapper_hw_platform_0/system.hdf -mem-ranges [list {0x40000000 0xbfffffff}]
configparams force-mem-access 1
targets -set -nocase -filter {name =~"APU*" && jtag_cable_name =~ "Digilent Zybo 210279A78F78A"} -index 0
stop
ps7_init
ps7_post_config
targets -set -nocase -filter {name =~ "ARM*#0" && jtag_cable_name =~ "Digilent Zybo 210279A78F78A"} -index 0
rst -processor
targets -set -nocase -filter {name =~ "ARM*#0" && jtag_cable_name =~ "Digilent Zybo 210279A78F78A"} -index 0
dow C:/Users/alexa/mio_project_bf/mio_project_bf.sdk/mio_reader/Debug/mio_reader.elf
configparams force-mem-access 0
----------------End of Script----------------

03:40:04 INFO  : Context for processor 'ps7_cortexa9_0' is selected.
03:40:04 INFO  : 'con' command is executed.
03:40:04 INFO  : ----------------XSDB Script (After Launch)----------------
targets -set -nocase -filter {name =~ "ARM*#0" && jtag_cable_name =~ "Digilent Zybo 210279A78F78A"} -index 0
con
----------------End of Script----------------

03:40:04 INFO  : Disconnected from the channel tcfchan#9.
03:43:00 INFO  : 'targets -set -filter {jtag_cable_name =~ "Digilent Zybo 210279A78F78A" && level==0} -index 1' command is executed.
03:43:00 INFO  : 'fpga -state' command is executed.
03:43:00 INFO  : Connected to target on host '127.0.0.1' and port '3121'.
03:43:00 INFO  : Jtag cable 'Digilent Zybo 210279A78F78A' is selected.
03:43:00 INFO  : 'jtag frequency' command is executed.
03:43:00 INFO  : Sourcing of 'C:/Users/alexa/mio_project_bf/mio_project_bf.sdk/design_1_wrapper_hw_platform_0/ps7_init.tcl' is done.
03:43:00 INFO  : Context for 'APU' is selected.
03:43:00 INFO  : Hardware design information is loaded from 'C:/Users/alexa/mio_project_bf/mio_project_bf.sdk/design_1_wrapper_hw_platform_0/system.hdf'.
03:43:00 INFO  : 'configparams force-mem-access 1' command is executed.
03:43:00 INFO  : Context for 'APU' is selected.
03:43:00 INFO  : 'stop' command is executed.
03:43:01 INFO  : 'ps7_init' command is executed.
03:43:01 INFO  : 'ps7_post_config' command is executed.
03:43:01 INFO  : Context for processor 'ps7_cortexa9_0' is selected.
03:43:01 INFO  : Processor reset is completed for 'ps7_cortexa9_0'.
03:43:01 INFO  : Context for processor 'ps7_cortexa9_0' is selected.
03:43:01 INFO  : The application 'C:/Users/alexa/mio_project_bf/mio_project_bf.sdk/mio_reader/Debug/mio_reader.elf' is downloaded to processor 'ps7_cortexa9_0'.
03:43:01 INFO  : 'configparams force-mem-access 0' command is executed.
03:43:01 INFO  : ----------------XSDB Script----------------
connect -url tcp:127.0.0.1:3121
source C:/Users/alexa/mio_project_bf/mio_project_bf.sdk/design_1_wrapper_hw_platform_0/ps7_init.tcl
targets -set -nocase -filter {name =~"APU*" && jtag_cable_name =~ "Digilent Zybo 210279A78F78A"} -index 0
loadhw -hw C:/Users/alexa/mio_project_bf/mio_project_bf.sdk/design_1_wrapper_hw_platform_0/system.hdf -mem-ranges [list {0x40000000 0xbfffffff}]
configparams force-mem-access 1
targets -set -nocase -filter {name =~"APU*" && jtag_cable_name =~ "Digilent Zybo 210279A78F78A"} -index 0
stop
ps7_init
ps7_post_config
targets -set -nocase -filter {name =~ "ARM*#0" && jtag_cable_name =~ "Digilent Zybo 210279A78F78A"} -index 0
rst -processor
targets -set -nocase -filter {name =~ "ARM*#0" && jtag_cable_name =~ "Digilent Zybo 210279A78F78A"} -index 0
dow C:/Users/alexa/mio_project_bf/mio_project_bf.sdk/mio_reader/Debug/mio_reader.elf
configparams force-mem-access 0
----------------End of Script----------------

03:43:01 INFO  : Context for processor 'ps7_cortexa9_0' is selected.
03:43:01 INFO  : 'con' command is executed.
03:43:01 INFO  : ----------------XSDB Script (After Launch)----------------
targets -set -nocase -filter {name =~ "ARM*#0" && jtag_cable_name =~ "Digilent Zybo 210279A78F78A"} -index 0
con
----------------End of Script----------------

03:43:01 INFO  : Disconnected from the channel tcfchan#10.
03:45:47 INFO  : 'targets -set -filter {jtag_cable_name =~ "Digilent Zybo 210279A78F78A" && level==0} -index 1' command is executed.
03:45:47 INFO  : 'fpga -state' command is executed.
03:45:47 INFO  : Connected to target on host '127.0.0.1' and port '3121'.
03:45:47 INFO  : Jtag cable 'Digilent Zybo 210279A78F78A' is selected.
03:45:47 INFO  : 'jtag frequency' command is executed.
03:45:47 INFO  : Sourcing of 'C:/Users/alexa/mio_project_bf/mio_project_bf.sdk/design_1_wrapper_hw_platform_0/ps7_init.tcl' is done.
03:45:47 INFO  : Context for 'APU' is selected.
03:45:47 INFO  : Hardware design information is loaded from 'C:/Users/alexa/mio_project_bf/mio_project_bf.sdk/design_1_wrapper_hw_platform_0/system.hdf'.
03:45:47 INFO  : 'configparams force-mem-access 1' command is executed.
03:45:47 INFO  : Context for 'APU' is selected.
03:45:47 INFO  : 'stop' command is executed.
03:45:47 INFO  : 'ps7_init' command is executed.
03:45:47 INFO  : 'ps7_post_config' command is executed.
03:45:47 INFO  : Context for processor 'ps7_cortexa9_0' is selected.
03:45:47 INFO  : Processor reset is completed for 'ps7_cortexa9_0'.
03:45:47 INFO  : Context for processor 'ps7_cortexa9_0' is selected.
03:45:47 INFO  : The application 'C:/Users/alexa/mio_project_bf/mio_project_bf.sdk/mio_reader/Debug/mio_reader.elf' is downloaded to processor 'ps7_cortexa9_0'.
03:45:47 INFO  : 'configparams force-mem-access 0' command is executed.
03:45:47 INFO  : ----------------XSDB Script----------------
connect -url tcp:127.0.0.1:3121
source C:/Users/alexa/mio_project_bf/mio_project_bf.sdk/design_1_wrapper_hw_platform_0/ps7_init.tcl
targets -set -nocase -filter {name =~"APU*" && jtag_cable_name =~ "Digilent Zybo 210279A78F78A"} -index 0
loadhw -hw C:/Users/alexa/mio_project_bf/mio_project_bf.sdk/design_1_wrapper_hw_platform_0/system.hdf -mem-ranges [list {0x40000000 0xbfffffff}]
configparams force-mem-access 1
targets -set -nocase -filter {name =~"APU*" && jtag_cable_name =~ "Digilent Zybo 210279A78F78A"} -index 0
stop
ps7_init
ps7_post_config
targets -set -nocase -filter {name =~ "ARM*#0" && jtag_cable_name =~ "Digilent Zybo 210279A78F78A"} -index 0
rst -processor
targets -set -nocase -filter {name =~ "ARM*#0" && jtag_cable_name =~ "Digilent Zybo 210279A78F78A"} -index 0
dow C:/Users/alexa/mio_project_bf/mio_project_bf.sdk/mio_reader/Debug/mio_reader.elf
configparams force-mem-access 0
----------------End of Script----------------

03:45:47 INFO  : Context for processor 'ps7_cortexa9_0' is selected.
03:45:47 INFO  : 'con' command is executed.
03:45:47 INFO  : ----------------XSDB Script (After Launch)----------------
targets -set -nocase -filter {name =~ "ARM*#0" && jtag_cable_name =~ "Digilent Zybo 210279A78F78A"} -index 0
con
----------------End of Script----------------

03:45:47 INFO  : Disconnected from the channel tcfchan#11.
03:51:54 INFO  : 'targets -set -filter {jtag_cable_name =~ "Digilent Zybo 210279A78F78A" && level==0} -index 1' command is executed.
03:51:54 INFO  : 'fpga -state' command is executed.
03:51:54 INFO  : Connected to target on host '127.0.0.1' and port '3121'.
03:51:54 INFO  : Jtag cable 'Digilent Zybo 210279A78F78A' is selected.
03:51:54 INFO  : 'jtag frequency' command is executed.
03:51:54 INFO  : Sourcing of 'C:/Users/alexa/mio_project_bf/mio_project_bf.sdk/design_1_wrapper_hw_platform_0/ps7_init.tcl' is done.
03:51:54 INFO  : Context for 'APU' is selected.
03:51:54 INFO  : Hardware design information is loaded from 'C:/Users/alexa/mio_project_bf/mio_project_bf.sdk/design_1_wrapper_hw_platform_0/system.hdf'.
03:51:54 INFO  : 'configparams force-mem-access 1' command is executed.
03:51:54 INFO  : Context for 'APU' is selected.
03:51:54 INFO  : 'stop' command is executed.
03:51:55 INFO  : 'ps7_init' command is executed.
03:51:55 INFO  : 'ps7_post_config' command is executed.
03:51:55 INFO  : Context for processor 'ps7_cortexa9_0' is selected.
03:51:55 INFO  : Processor reset is completed for 'ps7_cortexa9_0'.
03:51:55 INFO  : Context for processor 'ps7_cortexa9_0' is selected.
03:51:55 INFO  : The application 'C:/Users/alexa/mio_project_bf/mio_project_bf.sdk/mio_reader/Debug/mio_reader.elf' is downloaded to processor 'ps7_cortexa9_0'.
03:51:55 INFO  : 'configparams force-mem-access 0' command is executed.
03:51:55 INFO  : ----------------XSDB Script----------------
connect -url tcp:127.0.0.1:3121
source C:/Users/alexa/mio_project_bf/mio_project_bf.sdk/design_1_wrapper_hw_platform_0/ps7_init.tcl
targets -set -nocase -filter {name =~"APU*" && jtag_cable_name =~ "Digilent Zybo 210279A78F78A"} -index 0
loadhw -hw C:/Users/alexa/mio_project_bf/mio_project_bf.sdk/design_1_wrapper_hw_platform_0/system.hdf -mem-ranges [list {0x40000000 0xbfffffff}]
configparams force-mem-access 1
targets -set -nocase -filter {name =~"APU*" && jtag_cable_name =~ "Digilent Zybo 210279A78F78A"} -index 0
stop
ps7_init
ps7_post_config
targets -set -nocase -filter {name =~ "ARM*#0" && jtag_cable_name =~ "Digilent Zybo 210279A78F78A"} -index 0
rst -processor
targets -set -nocase -filter {name =~ "ARM*#0" && jtag_cable_name =~ "Digilent Zybo 210279A78F78A"} -index 0
dow C:/Users/alexa/mio_project_bf/mio_project_bf.sdk/mio_reader/Debug/mio_reader.elf
configparams force-mem-access 0
----------------End of Script----------------

03:51:55 INFO  : Context for processor 'ps7_cortexa9_0' is selected.
03:51:55 INFO  : 'con' command is executed.
03:51:55 INFO  : ----------------XSDB Script (After Launch)----------------
targets -set -nocase -filter {name =~ "ARM*#0" && jtag_cable_name =~ "Digilent Zybo 210279A78F78A"} -index 0
con
----------------End of Script----------------

03:51:55 INFO  : Disconnected from the channel tcfchan#12.
03:55:14 INFO  : 'targets -set -filter {jtag_cable_name =~ "Digilent Zybo 210279A78F78A" && level==0} -index 1' command is executed.
03:55:14 INFO  : 'fpga -state' command is executed.
03:55:14 INFO  : Connected to target on host '127.0.0.1' and port '3121'.
03:55:14 INFO  : Jtag cable 'Digilent Zybo 210279A78F78A' is selected.
03:55:14 INFO  : 'jtag frequency' command is executed.
03:55:14 INFO  : Sourcing of 'C:/Users/alexa/mio_project_bf/mio_project_bf.sdk/design_1_wrapper_hw_platform_0/ps7_init.tcl' is done.
03:55:14 INFO  : Context for 'APU' is selected.
03:55:14 INFO  : Hardware design information is loaded from 'C:/Users/alexa/mio_project_bf/mio_project_bf.sdk/design_1_wrapper_hw_platform_0/system.hdf'.
03:55:14 INFO  : 'configparams force-mem-access 1' command is executed.
03:55:14 INFO  : Context for 'APU' is selected.
03:55:14 INFO  : 'stop' command is executed.
03:55:15 INFO  : 'ps7_init' command is executed.
03:55:15 INFO  : 'ps7_post_config' command is executed.
03:55:15 INFO  : Context for processor 'ps7_cortexa9_0' is selected.
03:55:15 INFO  : Processor reset is completed for 'ps7_cortexa9_0'.
03:55:15 INFO  : Context for processor 'ps7_cortexa9_0' is selected.
03:55:15 INFO  : The application 'C:/Users/alexa/mio_project_bf/mio_project_bf.sdk/mio_reader/Debug/mio_reader.elf' is downloaded to processor 'ps7_cortexa9_0'.
03:55:15 INFO  : 'configparams force-mem-access 0' command is executed.
03:55:15 INFO  : ----------------XSDB Script----------------
connect -url tcp:127.0.0.1:3121
source C:/Users/alexa/mio_project_bf/mio_project_bf.sdk/design_1_wrapper_hw_platform_0/ps7_init.tcl
targets -set -nocase -filter {name =~"APU*" && jtag_cable_name =~ "Digilent Zybo 210279A78F78A"} -index 0
loadhw -hw C:/Users/alexa/mio_project_bf/mio_project_bf.sdk/design_1_wrapper_hw_platform_0/system.hdf -mem-ranges [list {0x40000000 0xbfffffff}]
configparams force-mem-access 1
targets -set -nocase -filter {name =~"APU*" && jtag_cable_name =~ "Digilent Zybo 210279A78F78A"} -index 0
stop
ps7_init
ps7_post_config
targets -set -nocase -filter {name =~ "ARM*#0" && jtag_cable_name =~ "Digilent Zybo 210279A78F78A"} -index 0
rst -processor
targets -set -nocase -filter {name =~ "ARM*#0" && jtag_cable_name =~ "Digilent Zybo 210279A78F78A"} -index 0
dow C:/Users/alexa/mio_project_bf/mio_project_bf.sdk/mio_reader/Debug/mio_reader.elf
configparams force-mem-access 0
----------------End of Script----------------

03:55:15 INFO  : Context for processor 'ps7_cortexa9_0' is selected.
03:55:15 INFO  : 'con' command is executed.
03:55:15 INFO  : ----------------XSDB Script (After Launch)----------------
targets -set -nocase -filter {name =~ "ARM*#0" && jtag_cable_name =~ "Digilent Zybo 210279A78F78A"} -index 0
con
----------------End of Script----------------

03:55:15 INFO  : Disconnected from the channel tcfchan#13.
03:55:59 INFO  : 'targets -set -filter {jtag_cable_name =~ "Digilent Zybo 210279A78F78A" && level==0} -index 1' command is executed.
03:55:59 INFO  : 'fpga -state' command is executed.
03:55:59 INFO  : Connected to target on host '127.0.0.1' and port '3121'.
03:55:59 INFO  : Jtag cable 'Digilent Zybo 210279A78F78A' is selected.
03:55:59 INFO  : 'jtag frequency' command is executed.
03:55:59 INFO  : Sourcing of 'C:/Users/alexa/mio_project_bf/mio_project_bf.sdk/design_1_wrapper_hw_platform_0/ps7_init.tcl' is done.
03:55:59 INFO  : Context for 'APU' is selected.
03:55:59 INFO  : Hardware design information is loaded from 'C:/Users/alexa/mio_project_bf/mio_project_bf.sdk/design_1_wrapper_hw_platform_0/system.hdf'.
03:55:59 INFO  : 'configparams force-mem-access 1' command is executed.
03:55:59 INFO  : Context for 'APU' is selected.
03:55:59 INFO  : 'stop' command is executed.
03:55:59 INFO  : 'ps7_init' command is executed.
03:55:59 INFO  : 'ps7_post_config' command is executed.
03:55:59 INFO  : Context for processor 'ps7_cortexa9_0' is selected.
03:55:59 INFO  : Processor reset is completed for 'ps7_cortexa9_0'.
03:55:59 INFO  : Context for processor 'ps7_cortexa9_0' is selected.
03:55:59 INFO  : The application 'C:/Users/alexa/mio_project_bf/mio_project_bf.sdk/mio_reader/Debug/mio_reader.elf' is downloaded to processor 'ps7_cortexa9_0'.
03:55:59 INFO  : 'configparams force-mem-access 0' command is executed.
03:55:59 INFO  : ----------------XSDB Script----------------
connect -url tcp:127.0.0.1:3121
source C:/Users/alexa/mio_project_bf/mio_project_bf.sdk/design_1_wrapper_hw_platform_0/ps7_init.tcl
targets -set -nocase -filter {name =~"APU*" && jtag_cable_name =~ "Digilent Zybo 210279A78F78A"} -index 0
loadhw -hw C:/Users/alexa/mio_project_bf/mio_project_bf.sdk/design_1_wrapper_hw_platform_0/system.hdf -mem-ranges [list {0x40000000 0xbfffffff}]
configparams force-mem-access 1
targets -set -nocase -filter {name =~"APU*" && jtag_cable_name =~ "Digilent Zybo 210279A78F78A"} -index 0
stop
ps7_init
ps7_post_config
targets -set -nocase -filter {name =~ "ARM*#0" && jtag_cable_name =~ "Digilent Zybo 210279A78F78A"} -index 0
rst -processor
targets -set -nocase -filter {name =~ "ARM*#0" && jtag_cable_name =~ "Digilent Zybo 210279A78F78A"} -index 0
dow C:/Users/alexa/mio_project_bf/mio_project_bf.sdk/mio_reader/Debug/mio_reader.elf
configparams force-mem-access 0
----------------End of Script----------------

03:55:59 INFO  : Context for processor 'ps7_cortexa9_0' is selected.
03:55:59 INFO  : 'con' command is executed.
03:55:59 INFO  : ----------------XSDB Script (After Launch)----------------
targets -set -nocase -filter {name =~ "ARM*#0" && jtag_cable_name =~ "Digilent Zybo 210279A78F78A"} -index 0
con
----------------End of Script----------------

03:55:59 INFO  : Disconnected from the channel tcfchan#14.
03:56:26 INFO  : 'targets -set -filter {jtag_cable_name =~ "Digilent Zybo 210279A78F78A" && level==0} -index 1' command is executed.
03:56:26 INFO  : 'fpga -state' command is executed.
03:56:26 INFO  : Connected to target on host '127.0.0.1' and port '3121'.
03:56:27 INFO  : Jtag cable 'Digilent Zybo 210279A78F78A' is selected.
03:56:27 INFO  : 'jtag frequency' command is executed.
03:56:27 INFO  : Sourcing of 'C:/Users/alexa/mio_project_bf/mio_project_bf.sdk/design_1_wrapper_hw_platform_0/ps7_init.tcl' is done.
03:56:27 INFO  : Context for 'APU' is selected.
03:56:27 INFO  : Hardware design information is loaded from 'C:/Users/alexa/mio_project_bf/mio_project_bf.sdk/design_1_wrapper_hw_platform_0/system.hdf'.
03:56:27 INFO  : 'configparams force-mem-access 1' command is executed.
03:56:27 INFO  : Context for 'APU' is selected.
03:56:27 INFO  : 'stop' command is executed.
03:56:27 INFO  : 'ps7_init' command is executed.
03:56:27 INFO  : 'ps7_post_config' command is executed.
03:56:27 INFO  : Context for processor 'ps7_cortexa9_0' is selected.
03:56:27 INFO  : Processor reset is completed for 'ps7_cortexa9_0'.
03:56:27 INFO  : Context for processor 'ps7_cortexa9_0' is selected.
03:56:27 INFO  : The application 'C:/Users/alexa/mio_project_bf/mio_project_bf.sdk/mio_reader/Debug/mio_reader.elf' is downloaded to processor 'ps7_cortexa9_0'.
03:56:27 INFO  : 'configparams force-mem-access 0' command is executed.
03:56:27 INFO  : ----------------XSDB Script----------------
connect -url tcp:127.0.0.1:3121
source C:/Users/alexa/mio_project_bf/mio_project_bf.sdk/design_1_wrapper_hw_platform_0/ps7_init.tcl
targets -set -nocase -filter {name =~"APU*" && jtag_cable_name =~ "Digilent Zybo 210279A78F78A"} -index 0
loadhw -hw C:/Users/alexa/mio_project_bf/mio_project_bf.sdk/design_1_wrapper_hw_platform_0/system.hdf -mem-ranges [list {0x40000000 0xbfffffff}]
configparams force-mem-access 1
targets -set -nocase -filter {name =~"APU*" && jtag_cable_name =~ "Digilent Zybo 210279A78F78A"} -index 0
stop
ps7_init
ps7_post_config
targets -set -nocase -filter {name =~ "ARM*#0" && jtag_cable_name =~ "Digilent Zybo 210279A78F78A"} -index 0
rst -processor
targets -set -nocase -filter {name =~ "ARM*#0" && jtag_cable_name =~ "Digilent Zybo 210279A78F78A"} -index 0
dow C:/Users/alexa/mio_project_bf/mio_project_bf.sdk/mio_reader/Debug/mio_reader.elf
configparams force-mem-access 0
----------------End of Script----------------

03:56:27 INFO  : Context for processor 'ps7_cortexa9_0' is selected.
03:56:27 INFO  : 'con' command is executed.
03:56:27 INFO  : ----------------XSDB Script (After Launch)----------------
targets -set -nocase -filter {name =~ "ARM*#0" && jtag_cable_name =~ "Digilent Zybo 210279A78F78A"} -index 0
con
----------------End of Script----------------

03:56:27 INFO  : Disconnected from the channel tcfchan#15.
04:02:14 INFO  : 'targets -set -filter {jtag_cable_name =~ "Digilent Zybo 210279A78F78A" && level==0} -index 1' command is executed.
04:02:15 INFO  : 'fpga -state' command is executed.
04:02:15 INFO  : Connected to target on host '127.0.0.1' and port '3121'.
04:02:15 INFO  : Jtag cable 'Digilent Zybo 210279A78F78A' is selected.
04:02:15 INFO  : 'jtag frequency' command is executed.
04:02:15 INFO  : Sourcing of 'C:/Users/alexa/mio_project_bf/mio_project_bf.sdk/design_1_wrapper_hw_platform_0/ps7_init.tcl' is done.
04:02:15 INFO  : Context for 'APU' is selected.
04:02:15 INFO  : Hardware design information is loaded from 'C:/Users/alexa/mio_project_bf/mio_project_bf.sdk/design_1_wrapper_hw_platform_0/system.hdf'.
04:02:15 INFO  : 'configparams force-mem-access 1' command is executed.
04:02:15 INFO  : Context for 'APU' is selected.
04:02:15 INFO  : 'stop' command is executed.
04:02:15 INFO  : 'ps7_init' command is executed.
04:02:15 INFO  : 'ps7_post_config' command is executed.
04:02:15 INFO  : Context for processor 'ps7_cortexa9_0' is selected.
04:02:15 INFO  : Processor reset is completed for 'ps7_cortexa9_0'.
04:02:15 INFO  : Context for processor 'ps7_cortexa9_0' is selected.
04:02:15 INFO  : The application 'C:/Users/alexa/mio_project_bf/mio_project_bf.sdk/mio_reader/Debug/mio_reader.elf' is downloaded to processor 'ps7_cortexa9_0'.
04:02:15 INFO  : 'configparams force-mem-access 0' command is executed.
04:02:15 INFO  : ----------------XSDB Script----------------
connect -url tcp:127.0.0.1:3121
source C:/Users/alexa/mio_project_bf/mio_project_bf.sdk/design_1_wrapper_hw_platform_0/ps7_init.tcl
targets -set -nocase -filter {name =~"APU*" && jtag_cable_name =~ "Digilent Zybo 210279A78F78A"} -index 0
loadhw -hw C:/Users/alexa/mio_project_bf/mio_project_bf.sdk/design_1_wrapper_hw_platform_0/system.hdf -mem-ranges [list {0x40000000 0xbfffffff}]
configparams force-mem-access 1
targets -set -nocase -filter {name =~"APU*" && jtag_cable_name =~ "Digilent Zybo 210279A78F78A"} -index 0
stop
ps7_init
ps7_post_config
targets -set -nocase -filter {name =~ "ARM*#0" && jtag_cable_name =~ "Digilent Zybo 210279A78F78A"} -index 0
rst -processor
targets -set -nocase -filter {name =~ "ARM*#0" && jtag_cable_name =~ "Digilent Zybo 210279A78F78A"} -index 0
dow C:/Users/alexa/mio_project_bf/mio_project_bf.sdk/mio_reader/Debug/mio_reader.elf
configparams force-mem-access 0
----------------End of Script----------------

04:02:15 INFO  : Context for processor 'ps7_cortexa9_0' is selected.
04:02:15 INFO  : 'con' command is executed.
04:02:15 INFO  : ----------------XSDB Script (After Launch)----------------
targets -set -nocase -filter {name =~ "ARM*#0" && jtag_cable_name =~ "Digilent Zybo 210279A78F78A"} -index 0
con
----------------End of Script----------------

04:02:15 INFO  : Disconnected from the channel tcfchan#16.
04:02:38 INFO  : 'targets -set -filter {jtag_cable_name =~ "Digilent Zybo 210279A78F78A" && level==0} -index 1' command is executed.
04:02:38 INFO  : 'fpga -state' command is executed.
04:02:38 INFO  : Connected to target on host '127.0.0.1' and port '3121'.
04:02:39 INFO  : Jtag cable 'Digilent Zybo 210279A78F78A' is selected.
04:02:39 INFO  : 'jtag frequency' command is executed.
04:02:39 INFO  : Sourcing of 'C:/Users/alexa/mio_project_bf/mio_project_bf.sdk/design_1_wrapper_hw_platform_0/ps7_init.tcl' is done.
04:02:39 INFO  : Context for 'APU' is selected.
04:02:39 INFO  : Hardware design information is loaded from 'C:/Users/alexa/mio_project_bf/mio_project_bf.sdk/design_1_wrapper_hw_platform_0/system.hdf'.
04:02:39 INFO  : 'configparams force-mem-access 1' command is executed.
04:02:39 INFO  : Context for 'APU' is selected.
04:02:39 INFO  : 'stop' command is executed.
04:02:39 INFO  : 'ps7_init' command is executed.
04:02:39 INFO  : 'ps7_post_config' command is executed.
04:02:39 INFO  : Context for processor 'ps7_cortexa9_0' is selected.
04:02:39 INFO  : Processor reset is completed for 'ps7_cortexa9_0'.
04:02:39 INFO  : Context for processor 'ps7_cortexa9_0' is selected.
04:02:39 INFO  : The application 'C:/Users/alexa/mio_project_bf/mio_project_bf.sdk/mio_reader/Debug/mio_reader.elf' is downloaded to processor 'ps7_cortexa9_0'.
04:02:39 INFO  : 'configparams force-mem-access 0' command is executed.
04:02:39 INFO  : ----------------XSDB Script----------------
connect -url tcp:127.0.0.1:3121
source C:/Users/alexa/mio_project_bf/mio_project_bf.sdk/design_1_wrapper_hw_platform_0/ps7_init.tcl
targets -set -nocase -filter {name =~"APU*" && jtag_cable_name =~ "Digilent Zybo 210279A78F78A"} -index 0
loadhw -hw C:/Users/alexa/mio_project_bf/mio_project_bf.sdk/design_1_wrapper_hw_platform_0/system.hdf -mem-ranges [list {0x40000000 0xbfffffff}]
configparams force-mem-access 1
targets -set -nocase -filter {name =~"APU*" && jtag_cable_name =~ "Digilent Zybo 210279A78F78A"} -index 0
stop
ps7_init
ps7_post_config
targets -set -nocase -filter {name =~ "ARM*#0" && jtag_cable_name =~ "Digilent Zybo 210279A78F78A"} -index 0
rst -processor
targets -set -nocase -filter {name =~ "ARM*#0" && jtag_cable_name =~ "Digilent Zybo 210279A78F78A"} -index 0
dow C:/Users/alexa/mio_project_bf/mio_project_bf.sdk/mio_reader/Debug/mio_reader.elf
configparams force-mem-access 0
----------------End of Script----------------

04:02:39 INFO  : Context for processor 'ps7_cortexa9_0' is selected.
04:02:39 INFO  : 'con' command is executed.
04:02:39 INFO  : ----------------XSDB Script (After Launch)----------------
targets -set -nocase -filter {name =~ "ARM*#0" && jtag_cable_name =~ "Digilent Zybo 210279A78F78A"} -index 0
con
----------------End of Script----------------

04:02:39 INFO  : Disconnected from the channel tcfchan#17.
04:05:01 INFO  : 'targets -set -filter {jtag_cable_name =~ "Digilent Zybo 210279A78F78A" && level==0} -index 1' command is executed.
04:05:01 INFO  : 'fpga -state' command is executed.
04:05:01 INFO  : Connected to target on host '127.0.0.1' and port '3121'.
04:05:02 INFO  : Jtag cable 'Digilent Zybo 210279A78F78A' is selected.
04:05:02 INFO  : 'jtag frequency' command is executed.
04:05:02 INFO  : Sourcing of 'C:/Users/alexa/mio_project_bf/mio_project_bf.sdk/design_1_wrapper_hw_platform_0/ps7_init.tcl' is done.
04:05:02 INFO  : Context for 'APU' is selected.
04:05:02 INFO  : Hardware design information is loaded from 'C:/Users/alexa/mio_project_bf/mio_project_bf.sdk/design_1_wrapper_hw_platform_0/system.hdf'.
04:05:02 INFO  : 'configparams force-mem-access 1' command is executed.
04:05:02 INFO  : Context for 'APU' is selected.
04:05:02 INFO  : 'stop' command is executed.
04:05:02 INFO  : 'ps7_init' command is executed.
04:05:02 INFO  : 'ps7_post_config' command is executed.
04:05:02 INFO  : Context for processor 'ps7_cortexa9_0' is selected.
04:05:02 INFO  : Processor reset is completed for 'ps7_cortexa9_0'.
04:05:02 INFO  : Context for processor 'ps7_cortexa9_0' is selected.
04:05:02 INFO  : The application 'C:/Users/alexa/mio_project_bf/mio_project_bf.sdk/mio_reader/Debug/mio_reader.elf' is downloaded to processor 'ps7_cortexa9_0'.
04:05:02 INFO  : 'configparams force-mem-access 0' command is executed.
04:05:02 INFO  : ----------------XSDB Script----------------
connect -url tcp:127.0.0.1:3121
source C:/Users/alexa/mio_project_bf/mio_project_bf.sdk/design_1_wrapper_hw_platform_0/ps7_init.tcl
targets -set -nocase -filter {name =~"APU*" && jtag_cable_name =~ "Digilent Zybo 210279A78F78A"} -index 0
loadhw -hw C:/Users/alexa/mio_project_bf/mio_project_bf.sdk/design_1_wrapper_hw_platform_0/system.hdf -mem-ranges [list {0x40000000 0xbfffffff}]
configparams force-mem-access 1
targets -set -nocase -filter {name =~"APU*" && jtag_cable_name =~ "Digilent Zybo 210279A78F78A"} -index 0
stop
ps7_init
ps7_post_config
targets -set -nocase -filter {name =~ "ARM*#0" && jtag_cable_name =~ "Digilent Zybo 210279A78F78A"} -index 0
rst -processor
targets -set -nocase -filter {name =~ "ARM*#0" && jtag_cable_name =~ "Digilent Zybo 210279A78F78A"} -index 0
dow C:/Users/alexa/mio_project_bf/mio_project_bf.sdk/mio_reader/Debug/mio_reader.elf
configparams force-mem-access 0
----------------End of Script----------------

04:05:02 INFO  : Context for processor 'ps7_cortexa9_0' is selected.
04:05:02 INFO  : 'con' command is executed.
04:05:02 INFO  : ----------------XSDB Script (After Launch)----------------
targets -set -nocase -filter {name =~ "ARM*#0" && jtag_cable_name =~ "Digilent Zybo 210279A78F78A"} -index 0
con
----------------End of Script----------------

04:05:02 INFO  : Disconnected from the channel tcfchan#18.
04:07:12 INFO  : 'targets -set -filter {jtag_cable_name =~ "Digilent Zybo 210279A78F78A" && level==0} -index 1' command is executed.
04:07:12 INFO  : 'fpga -state' command is executed.
04:07:12 INFO  : Connected to target on host '127.0.0.1' and port '3121'.
04:07:12 INFO  : Jtag cable 'Digilent Zybo 210279A78F78A' is selected.
04:07:12 INFO  : 'jtag frequency' command is executed.
04:07:12 INFO  : Sourcing of 'C:/Users/alexa/mio_project_bf/mio_project_bf.sdk/design_1_wrapper_hw_platform_0/ps7_init.tcl' is done.
04:07:12 INFO  : Context for 'APU' is selected.
04:07:12 INFO  : Hardware design information is loaded from 'C:/Users/alexa/mio_project_bf/mio_project_bf.sdk/design_1_wrapper_hw_platform_0/system.hdf'.
04:07:12 INFO  : 'configparams force-mem-access 1' command is executed.
04:07:12 INFO  : Context for 'APU' is selected.
04:07:12 INFO  : 'stop' command is executed.
04:07:12 INFO  : 'ps7_init' command is executed.
04:07:12 INFO  : 'ps7_post_config' command is executed.
04:07:12 INFO  : Context for processor 'ps7_cortexa9_0' is selected.
04:07:12 INFO  : Processor reset is completed for 'ps7_cortexa9_0'.
04:07:12 INFO  : Context for processor 'ps7_cortexa9_0' is selected.
04:07:12 INFO  : The application 'C:/Users/alexa/mio_project_bf/mio_project_bf.sdk/mio_reader/Debug/mio_reader.elf' is downloaded to processor 'ps7_cortexa9_0'.
04:07:12 INFO  : 'configparams force-mem-access 0' command is executed.
04:07:12 INFO  : ----------------XSDB Script----------------
connect -url tcp:127.0.0.1:3121
source C:/Users/alexa/mio_project_bf/mio_project_bf.sdk/design_1_wrapper_hw_platform_0/ps7_init.tcl
targets -set -nocase -filter {name =~"APU*" && jtag_cable_name =~ "Digilent Zybo 210279A78F78A"} -index 0
loadhw -hw C:/Users/alexa/mio_project_bf/mio_project_bf.sdk/design_1_wrapper_hw_platform_0/system.hdf -mem-ranges [list {0x40000000 0xbfffffff}]
configparams force-mem-access 1
targets -set -nocase -filter {name =~"APU*" && jtag_cable_name =~ "Digilent Zybo 210279A78F78A"} -index 0
stop
ps7_init
ps7_post_config
targets -set -nocase -filter {name =~ "ARM*#0" && jtag_cable_name =~ "Digilent Zybo 210279A78F78A"} -index 0
rst -processor
targets -set -nocase -filter {name =~ "ARM*#0" && jtag_cable_name =~ "Digilent Zybo 210279A78F78A"} -index 0
dow C:/Users/alexa/mio_project_bf/mio_project_bf.sdk/mio_reader/Debug/mio_reader.elf
configparams force-mem-access 0
----------------End of Script----------------

04:07:12 INFO  : Context for processor 'ps7_cortexa9_0' is selected.
04:07:12 INFO  : 'con' command is executed.
04:07:12 INFO  : ----------------XSDB Script (After Launch)----------------
targets -set -nocase -filter {name =~ "ARM*#0" && jtag_cable_name =~ "Digilent Zybo 210279A78F78A"} -index 0
con
----------------End of Script----------------

04:07:12 INFO  : Disconnected from the channel tcfchan#19.
04:07:55 INFO  : 'targets -set -filter {jtag_cable_name =~ "Digilent Zybo 210279A78F78A" && level==0} -index 1' command is executed.
04:07:55 INFO  : 'fpga -state' command is executed.
04:07:55 INFO  : Connected to target on host '127.0.0.1' and port '3121'.
04:07:55 INFO  : Jtag cable 'Digilent Zybo 210279A78F78A' is selected.
04:07:55 INFO  : 'jtag frequency' command is executed.
04:07:55 INFO  : Sourcing of 'C:/Users/alexa/mio_project_bf/mio_project_bf.sdk/design_1_wrapper_hw_platform_0/ps7_init.tcl' is done.
04:07:55 INFO  : Context for 'APU' is selected.
04:07:56 INFO  : Hardware design information is loaded from 'C:/Users/alexa/mio_project_bf/mio_project_bf.sdk/design_1_wrapper_hw_platform_0/system.hdf'.
04:07:56 INFO  : 'configparams force-mem-access 1' command is executed.
04:07:56 INFO  : Context for 'APU' is selected.
04:07:56 INFO  : 'stop' command is executed.
04:07:56 INFO  : 'ps7_init' command is executed.
04:07:56 INFO  : 'ps7_post_config' command is executed.
04:07:56 INFO  : Context for processor 'ps7_cortexa9_0' is selected.
04:07:56 INFO  : Processor reset is completed for 'ps7_cortexa9_0'.
04:07:56 INFO  : Context for processor 'ps7_cortexa9_0' is selected.
04:07:56 INFO  : The application 'C:/Users/alexa/mio_project_bf/mio_project_bf.sdk/mio_reader/Debug/mio_reader.elf' is downloaded to processor 'ps7_cortexa9_0'.
04:07:56 INFO  : 'configparams force-mem-access 0' command is executed.
04:07:56 INFO  : ----------------XSDB Script----------------
connect -url tcp:127.0.0.1:3121
source C:/Users/alexa/mio_project_bf/mio_project_bf.sdk/design_1_wrapper_hw_platform_0/ps7_init.tcl
targets -set -nocase -filter {name =~"APU*" && jtag_cable_name =~ "Digilent Zybo 210279A78F78A"} -index 0
loadhw -hw C:/Users/alexa/mio_project_bf/mio_project_bf.sdk/design_1_wrapper_hw_platform_0/system.hdf -mem-ranges [list {0x40000000 0xbfffffff}]
configparams force-mem-access 1
targets -set -nocase -filter {name =~"APU*" && jtag_cable_name =~ "Digilent Zybo 210279A78F78A"} -index 0
stop
ps7_init
ps7_post_config
targets -set -nocase -filter {name =~ "ARM*#0" && jtag_cable_name =~ "Digilent Zybo 210279A78F78A"} -index 0
rst -processor
targets -set -nocase -filter {name =~ "ARM*#0" && jtag_cable_name =~ "Digilent Zybo 210279A78F78A"} -index 0
dow C:/Users/alexa/mio_project_bf/mio_project_bf.sdk/mio_reader/Debug/mio_reader.elf
configparams force-mem-access 0
----------------End of Script----------------

04:07:56 INFO  : Context for processor 'ps7_cortexa9_0' is selected.
04:07:56 INFO  : 'con' command is executed.
04:07:56 INFO  : ----------------XSDB Script (After Launch)----------------
targets -set -nocase -filter {name =~ "ARM*#0" && jtag_cable_name =~ "Digilent Zybo 210279A78F78A"} -index 0
con
----------------End of Script----------------

04:07:56 INFO  : Disconnected from the channel tcfchan#20.
04:09:35 INFO  : 'targets -set -filter {jtag_cable_name =~ "Digilent Zybo 210279A78F78A" && level==0} -index 1' command is executed.
04:09:35 INFO  : 'fpga -state' command is executed.
04:09:35 INFO  : Connected to target on host '127.0.0.1' and port '3121'.
04:09:35 INFO  : Jtag cable 'Digilent Zybo 210279A78F78A' is selected.
04:09:35 INFO  : 'jtag frequency' command is executed.
04:09:35 INFO  : Sourcing of 'C:/Users/alexa/mio_project_bf/mio_project_bf.sdk/design_1_wrapper_hw_platform_0/ps7_init.tcl' is done.
04:09:35 INFO  : Context for 'APU' is selected.
04:09:35 INFO  : Hardware design information is loaded from 'C:/Users/alexa/mio_project_bf/mio_project_bf.sdk/design_1_wrapper_hw_platform_0/system.hdf'.
04:09:35 INFO  : 'configparams force-mem-access 1' command is executed.
04:09:35 INFO  : Context for 'APU' is selected.
04:09:35 INFO  : 'stop' command is executed.
04:09:35 INFO  : 'ps7_init' command is executed.
04:09:35 INFO  : 'ps7_post_config' command is executed.
04:09:35 INFO  : Context for processor 'ps7_cortexa9_0' is selected.
04:09:35 INFO  : Processor reset is completed for 'ps7_cortexa9_0'.
04:09:35 INFO  : Context for processor 'ps7_cortexa9_0' is selected.
04:09:35 INFO  : The application 'C:/Users/alexa/mio_project_bf/mio_project_bf.sdk/mio_reader/Debug/mio_reader.elf' is downloaded to processor 'ps7_cortexa9_0'.
04:09:35 INFO  : 'configparams force-mem-access 0' command is executed.
04:09:35 INFO  : ----------------XSDB Script----------------
connect -url tcp:127.0.0.1:3121
source C:/Users/alexa/mio_project_bf/mio_project_bf.sdk/design_1_wrapper_hw_platform_0/ps7_init.tcl
targets -set -nocase -filter {name =~"APU*" && jtag_cable_name =~ "Digilent Zybo 210279A78F78A"} -index 0
loadhw -hw C:/Users/alexa/mio_project_bf/mio_project_bf.sdk/design_1_wrapper_hw_platform_0/system.hdf -mem-ranges [list {0x40000000 0xbfffffff}]
configparams force-mem-access 1
targets -set -nocase -filter {name =~"APU*" && jtag_cable_name =~ "Digilent Zybo 210279A78F78A"} -index 0
stop
ps7_init
ps7_post_config
targets -set -nocase -filter {name =~ "ARM*#0" && jtag_cable_name =~ "Digilent Zybo 210279A78F78A"} -index 0
rst -processor
targets -set -nocase -filter {name =~ "ARM*#0" && jtag_cable_name =~ "Digilent Zybo 210279A78F78A"} -index 0
dow C:/Users/alexa/mio_project_bf/mio_project_bf.sdk/mio_reader/Debug/mio_reader.elf
configparams force-mem-access 0
----------------End of Script----------------

04:09:35 INFO  : Context for processor 'ps7_cortexa9_0' is selected.
04:09:35 INFO  : 'con' command is executed.
04:09:35 INFO  : ----------------XSDB Script (After Launch)----------------
targets -set -nocase -filter {name =~ "ARM*#0" && jtag_cable_name =~ "Digilent Zybo 210279A78F78A"} -index 0
con
----------------End of Script----------------

04:09:35 INFO  : Disconnected from the channel tcfchan#21.
04:10:58 INFO  : 'targets -set -filter {jtag_cable_name =~ "Digilent Zybo 210279A78F78A" && level==0} -index 1' command is executed.
04:10:58 INFO  : 'fpga -state' command is executed.
04:10:58 INFO  : Connected to target on host '127.0.0.1' and port '3121'.
04:10:58 INFO  : Jtag cable 'Digilent Zybo 210279A78F78A' is selected.
04:10:58 INFO  : 'jtag frequency' command is executed.
04:10:58 INFO  : Sourcing of 'C:/Users/alexa/mio_project_bf/mio_project_bf.sdk/design_1_wrapper_hw_platform_0/ps7_init.tcl' is done.
04:10:58 INFO  : Context for 'APU' is selected.
04:10:58 INFO  : Hardware design information is loaded from 'C:/Users/alexa/mio_project_bf/mio_project_bf.sdk/design_1_wrapper_hw_platform_0/system.hdf'.
04:10:58 INFO  : 'configparams force-mem-access 1' command is executed.
04:10:58 INFO  : Context for 'APU' is selected.
04:10:58 INFO  : 'stop' command is executed.
04:10:58 INFO  : 'ps7_init' command is executed.
04:10:58 INFO  : 'ps7_post_config' command is executed.
04:10:58 INFO  : Context for processor 'ps7_cortexa9_0' is selected.
04:10:58 INFO  : Processor reset is completed for 'ps7_cortexa9_0'.
04:10:58 INFO  : Context for processor 'ps7_cortexa9_0' is selected.
04:10:58 INFO  : The application 'C:/Users/alexa/mio_project_bf/mio_project_bf.sdk/mio_reader/Debug/mio_reader.elf' is downloaded to processor 'ps7_cortexa9_0'.
04:10:58 INFO  : 'configparams force-mem-access 0' command is executed.
04:10:58 INFO  : ----------------XSDB Script----------------
connect -url tcp:127.0.0.1:3121
source C:/Users/alexa/mio_project_bf/mio_project_bf.sdk/design_1_wrapper_hw_platform_0/ps7_init.tcl
targets -set -nocase -filter {name =~"APU*" && jtag_cable_name =~ "Digilent Zybo 210279A78F78A"} -index 0
loadhw -hw C:/Users/alexa/mio_project_bf/mio_project_bf.sdk/design_1_wrapper_hw_platform_0/system.hdf -mem-ranges [list {0x40000000 0xbfffffff}]
configparams force-mem-access 1
targets -set -nocase -filter {name =~"APU*" && jtag_cable_name =~ "Digilent Zybo 210279A78F78A"} -index 0
stop
ps7_init
ps7_post_config
targets -set -nocase -filter {name =~ "ARM*#0" && jtag_cable_name =~ "Digilent Zybo 210279A78F78A"} -index 0
rst -processor
targets -set -nocase -filter {name =~ "ARM*#0" && jtag_cable_name =~ "Digilent Zybo 210279A78F78A"} -index 0
dow C:/Users/alexa/mio_project_bf/mio_project_bf.sdk/mio_reader/Debug/mio_reader.elf
configparams force-mem-access 0
----------------End of Script----------------

04:10:58 INFO  : Context for processor 'ps7_cortexa9_0' is selected.
04:10:58 INFO  : 'con' command is executed.
04:10:58 INFO  : ----------------XSDB Script (After Launch)----------------
targets -set -nocase -filter {name =~ "ARM*#0" && jtag_cable_name =~ "Digilent Zybo 210279A78F78A"} -index 0
con
----------------End of Script----------------

04:10:58 INFO  : Disconnected from the channel tcfchan#22.
04:11:34 INFO  : 'targets -set -filter {jtag_cable_name =~ "Digilent Zybo 210279A78F78A" && level==0} -index 1' command is executed.
04:11:34 INFO  : 'fpga -state' command is executed.
04:11:34 INFO  : Connected to target on host '127.0.0.1' and port '3121'.
04:11:34 INFO  : Jtag cable 'Digilent Zybo 210279A78F78A' is selected.
04:11:34 INFO  : 'jtag frequency' command is executed.
04:11:34 INFO  : Sourcing of 'C:/Users/alexa/mio_project_bf/mio_project_bf.sdk/design_1_wrapper_hw_platform_0/ps7_init.tcl' is done.
04:11:34 INFO  : Context for 'APU' is selected.
04:11:34 INFO  : Hardware design information is loaded from 'C:/Users/alexa/mio_project_bf/mio_project_bf.sdk/design_1_wrapper_hw_platform_0/system.hdf'.
04:11:34 INFO  : 'configparams force-mem-access 1' command is executed.
04:11:34 INFO  : Context for 'APU' is selected.
04:11:34 INFO  : 'stop' command is executed.
04:11:35 INFO  : 'ps7_init' command is executed.
04:11:35 INFO  : 'ps7_post_config' command is executed.
04:11:35 INFO  : Context for processor 'ps7_cortexa9_0' is selected.
04:11:35 INFO  : Processor reset is completed for 'ps7_cortexa9_0'.
04:11:35 INFO  : Context for processor 'ps7_cortexa9_0' is selected.
04:11:35 INFO  : The application 'C:/Users/alexa/mio_project_bf/mio_project_bf.sdk/mio_reader/Debug/mio_reader.elf' is downloaded to processor 'ps7_cortexa9_0'.
04:11:35 INFO  : 'configparams force-mem-access 0' command is executed.
04:11:35 INFO  : ----------------XSDB Script----------------
connect -url tcp:127.0.0.1:3121
source C:/Users/alexa/mio_project_bf/mio_project_bf.sdk/design_1_wrapper_hw_platform_0/ps7_init.tcl
targets -set -nocase -filter {name =~"APU*" && jtag_cable_name =~ "Digilent Zybo 210279A78F78A"} -index 0
loadhw -hw C:/Users/alexa/mio_project_bf/mio_project_bf.sdk/design_1_wrapper_hw_platform_0/system.hdf -mem-ranges [list {0x40000000 0xbfffffff}]
configparams force-mem-access 1
targets -set -nocase -filter {name =~"APU*" && jtag_cable_name =~ "Digilent Zybo 210279A78F78A"} -index 0
stop
ps7_init
ps7_post_config
targets -set -nocase -filter {name =~ "ARM*#0" && jtag_cable_name =~ "Digilent Zybo 210279A78F78A"} -index 0
rst -processor
targets -set -nocase -filter {name =~ "ARM*#0" && jtag_cable_name =~ "Digilent Zybo 210279A78F78A"} -index 0
dow C:/Users/alexa/mio_project_bf/mio_project_bf.sdk/mio_reader/Debug/mio_reader.elf
configparams force-mem-access 0
----------------End of Script----------------

04:11:35 INFO  : Context for processor 'ps7_cortexa9_0' is selected.
04:11:35 INFO  : 'con' command is executed.
04:11:35 INFO  : ----------------XSDB Script (After Launch)----------------
targets -set -nocase -filter {name =~ "ARM*#0" && jtag_cable_name =~ "Digilent Zybo 210279A78F78A"} -index 0
con
----------------End of Script----------------

04:11:35 INFO  : Disconnected from the channel tcfchan#23.
04:11:58 INFO  : 'targets -set -filter {jtag_cable_name =~ "Digilent Zybo 210279A78F78A" && level==0} -index 1' command is executed.
04:11:58 INFO  : 'fpga -state' command is executed.
04:11:58 INFO  : Connected to target on host '127.0.0.1' and port '3121'.
04:11:58 INFO  : Jtag cable 'Digilent Zybo 210279A78F78A' is selected.
04:11:58 INFO  : 'jtag frequency' command is executed.
04:11:58 INFO  : Sourcing of 'C:/Users/alexa/mio_project_bf/mio_project_bf.sdk/design_1_wrapper_hw_platform_0/ps7_init.tcl' is done.
04:11:58 INFO  : Context for 'APU' is selected.
04:11:58 INFO  : Hardware design information is loaded from 'C:/Users/alexa/mio_project_bf/mio_project_bf.sdk/design_1_wrapper_hw_platform_0/system.hdf'.
04:11:58 INFO  : 'configparams force-mem-access 1' command is executed.
04:11:58 INFO  : Context for 'APU' is selected.
04:11:58 INFO  : 'stop' command is executed.
04:11:59 INFO  : 'ps7_init' command is executed.
04:11:59 INFO  : 'ps7_post_config' command is executed.
04:11:59 INFO  : Context for processor 'ps7_cortexa9_0' is selected.
04:11:59 INFO  : Processor reset is completed for 'ps7_cortexa9_0'.
04:11:59 INFO  : Context for processor 'ps7_cortexa9_0' is selected.
04:11:59 INFO  : The application 'C:/Users/alexa/mio_project_bf/mio_project_bf.sdk/mio_reader/Debug/mio_reader.elf' is downloaded to processor 'ps7_cortexa9_0'.
04:11:59 INFO  : 'configparams force-mem-access 0' command is executed.
04:11:59 INFO  : ----------------XSDB Script----------------
connect -url tcp:127.0.0.1:3121
source C:/Users/alexa/mio_project_bf/mio_project_bf.sdk/design_1_wrapper_hw_platform_0/ps7_init.tcl
targets -set -nocase -filter {name =~"APU*" && jtag_cable_name =~ "Digilent Zybo 210279A78F78A"} -index 0
loadhw -hw C:/Users/alexa/mio_project_bf/mio_project_bf.sdk/design_1_wrapper_hw_platform_0/system.hdf -mem-ranges [list {0x40000000 0xbfffffff}]
configparams force-mem-access 1
targets -set -nocase -filter {name =~"APU*" && jtag_cable_name =~ "Digilent Zybo 210279A78F78A"} -index 0
stop
ps7_init
ps7_post_config
targets -set -nocase -filter {name =~ "ARM*#0" && jtag_cable_name =~ "Digilent Zybo 210279A78F78A"} -index 0
rst -processor
targets -set -nocase -filter {name =~ "ARM*#0" && jtag_cable_name =~ "Digilent Zybo 210279A78F78A"} -index 0
dow C:/Users/alexa/mio_project_bf/mio_project_bf.sdk/mio_reader/Debug/mio_reader.elf
configparams force-mem-access 0
----------------End of Script----------------

04:11:59 INFO  : Context for processor 'ps7_cortexa9_0' is selected.
04:11:59 INFO  : 'con' command is executed.
04:11:59 INFO  : ----------------XSDB Script (After Launch)----------------
targets -set -nocase -filter {name =~ "ARM*#0" && jtag_cable_name =~ "Digilent Zybo 210279A78F78A"} -index 0
con
----------------End of Script----------------

04:11:59 INFO  : Disconnected from the channel tcfchan#24.
04:12:26 INFO  : 'targets -set -filter {jtag_cable_name =~ "Digilent Zybo 210279A78F78A" && level==0} -index 1' command is executed.
04:12:26 INFO  : 'fpga -state' command is executed.
04:12:26 INFO  : Connected to target on host '127.0.0.1' and port '3121'.
04:12:26 INFO  : Jtag cable 'Digilent Zybo 210279A78F78A' is selected.
04:12:26 INFO  : 'jtag frequency' command is executed.
04:12:26 INFO  : Sourcing of 'C:/Users/alexa/mio_project_bf/mio_project_bf.sdk/design_1_wrapper_hw_platform_0/ps7_init.tcl' is done.
04:12:26 INFO  : Context for 'APU' is selected.
04:12:26 INFO  : Hardware design information is loaded from 'C:/Users/alexa/mio_project_bf/mio_project_bf.sdk/design_1_wrapper_hw_platform_0/system.hdf'.
04:12:26 INFO  : 'configparams force-mem-access 1' command is executed.
04:12:26 INFO  : Context for 'APU' is selected.
04:12:26 INFO  : 'stop' command is executed.
04:12:26 INFO  : 'ps7_init' command is executed.
04:12:26 INFO  : 'ps7_post_config' command is executed.
04:12:26 INFO  : Context for processor 'ps7_cortexa9_0' is selected.
04:12:26 INFO  : Processor reset is completed for 'ps7_cortexa9_0'.
04:12:26 INFO  : Context for processor 'ps7_cortexa9_0' is selected.
04:12:27 INFO  : The application 'C:/Users/alexa/mio_project_bf/mio_project_bf.sdk/mio_reader/Debug/mio_reader.elf' is downloaded to processor 'ps7_cortexa9_0'.
04:12:27 INFO  : 'configparams force-mem-access 0' command is executed.
04:12:27 INFO  : ----------------XSDB Script----------------
connect -url tcp:127.0.0.1:3121
source C:/Users/alexa/mio_project_bf/mio_project_bf.sdk/design_1_wrapper_hw_platform_0/ps7_init.tcl
targets -set -nocase -filter {name =~"APU*" && jtag_cable_name =~ "Digilent Zybo 210279A78F78A"} -index 0
loadhw -hw C:/Users/alexa/mio_project_bf/mio_project_bf.sdk/design_1_wrapper_hw_platform_0/system.hdf -mem-ranges [list {0x40000000 0xbfffffff}]
configparams force-mem-access 1
targets -set -nocase -filter {name =~"APU*" && jtag_cable_name =~ "Digilent Zybo 210279A78F78A"} -index 0
stop
ps7_init
ps7_post_config
targets -set -nocase -filter {name =~ "ARM*#0" && jtag_cable_name =~ "Digilent Zybo 210279A78F78A"} -index 0
rst -processor
targets -set -nocase -filter {name =~ "ARM*#0" && jtag_cable_name =~ "Digilent Zybo 210279A78F78A"} -index 0
dow C:/Users/alexa/mio_project_bf/mio_project_bf.sdk/mio_reader/Debug/mio_reader.elf
configparams force-mem-access 0
----------------End of Script----------------

04:12:27 INFO  : Context for processor 'ps7_cortexa9_0' is selected.
04:12:27 INFO  : 'con' command is executed.
04:12:27 INFO  : ----------------XSDB Script (After Launch)----------------
targets -set -nocase -filter {name =~ "ARM*#0" && jtag_cable_name =~ "Digilent Zybo 210279A78F78A"} -index 0
con
----------------End of Script----------------

04:12:27 INFO  : Disconnected from the channel tcfchan#25.
04:13:04 INFO  : 'targets -set -filter {jtag_cable_name =~ "Digilent Zybo 210279A78F78A" && level==0} -index 1' command is executed.
04:13:04 INFO  : 'fpga -state' command is executed.
04:13:04 INFO  : Connected to target on host '127.0.0.1' and port '3121'.
04:13:04 INFO  : Jtag cable 'Digilent Zybo 210279A78F78A' is selected.
04:13:04 INFO  : 'jtag frequency' command is executed.
04:13:04 INFO  : Sourcing of 'C:/Users/alexa/mio_project_bf/mio_project_bf.sdk/design_1_wrapper_hw_platform_0/ps7_init.tcl' is done.
04:13:04 INFO  : Context for 'APU' is selected.
04:13:04 INFO  : Hardware design information is loaded from 'C:/Users/alexa/mio_project_bf/mio_project_bf.sdk/design_1_wrapper_hw_platform_0/system.hdf'.
04:13:04 INFO  : 'configparams force-mem-access 1' command is executed.
04:13:04 INFO  : Context for 'APU' is selected.
04:13:04 INFO  : 'stop' command is executed.
04:13:05 INFO  : 'ps7_init' command is executed.
04:13:05 INFO  : 'ps7_post_config' command is executed.
04:13:05 INFO  : Context for processor 'ps7_cortexa9_0' is selected.
04:13:05 INFO  : Processor reset is completed for 'ps7_cortexa9_0'.
04:13:05 INFO  : Context for processor 'ps7_cortexa9_0' is selected.
04:13:05 INFO  : The application 'C:/Users/alexa/mio_project_bf/mio_project_bf.sdk/mio_reader/Debug/mio_reader.elf' is downloaded to processor 'ps7_cortexa9_0'.
04:13:05 INFO  : 'configparams force-mem-access 0' command is executed.
04:13:05 INFO  : ----------------XSDB Script----------------
connect -url tcp:127.0.0.1:3121
source C:/Users/alexa/mio_project_bf/mio_project_bf.sdk/design_1_wrapper_hw_platform_0/ps7_init.tcl
targets -set -nocase -filter {name =~"APU*" && jtag_cable_name =~ "Digilent Zybo 210279A78F78A"} -index 0
loadhw -hw C:/Users/alexa/mio_project_bf/mio_project_bf.sdk/design_1_wrapper_hw_platform_0/system.hdf -mem-ranges [list {0x40000000 0xbfffffff}]
configparams force-mem-access 1
targets -set -nocase -filter {name =~"APU*" && jtag_cable_name =~ "Digilent Zybo 210279A78F78A"} -index 0
stop
ps7_init
ps7_post_config
targets -set -nocase -filter {name =~ "ARM*#0" && jtag_cable_name =~ "Digilent Zybo 210279A78F78A"} -index 0
rst -processor
targets -set -nocase -filter {name =~ "ARM*#0" && jtag_cable_name =~ "Digilent Zybo 210279A78F78A"} -index 0
dow C:/Users/alexa/mio_project_bf/mio_project_bf.sdk/mio_reader/Debug/mio_reader.elf
configparams force-mem-access 0
----------------End of Script----------------

04:13:05 INFO  : Context for processor 'ps7_cortexa9_0' is selected.
04:13:05 INFO  : 'con' command is executed.
04:13:05 INFO  : ----------------XSDB Script (After Launch)----------------
targets -set -nocase -filter {name =~ "ARM*#0" && jtag_cable_name =~ "Digilent Zybo 210279A78F78A"} -index 0
con
----------------End of Script----------------

04:13:05 INFO  : Disconnected from the channel tcfchan#26.
